d:\study\programmingadvices\11 - oop as it should be (applications)\build\banksystem.dir\debug\vc143.pdb
d:\study\programmingadvices\11 - oop as it should be (applications)\build\banksystem.dir\debug\clsclint.obj
d:\study\programmingadvices\11 - oop as it should be (applications)\build\banksystem.dir\debug\main.obj
d:\study\programmingadvices\11 - oop as it should be (applications)\build\cmakefiles\generate.stamp
d:\study\programmingadvices\11 - oop as it should be (applications)\build\debug\banksystem.pdb
d:\study\programmingadvices\11 - oop as it should be (applications)\build\banksystem.dir\debug\banksystem.tlog\cl.command.1.tlog
d:\study\programmingadvices\11 - oop as it should be (applications)\build\banksystem.dir\debug\banksystem.tlog\cl.read.1.tlog
d:\study\programmingadvices\11 - oop as it should be (applications)\build\banksystem.dir\debug\banksystem.tlog\cl.write.1.tlog
d:\study\programmingadvices\11 - oop as it should be (applications)\build\banksystem.dir\debug\banksystem.tlog\custombuild.command.1.tlog
d:\study\programmingadvices\11 - oop as it should be (applications)\build\banksystem.dir\debug\banksystem.tlog\custombuild.read.1.tlog
d:\study\programmingadvices\11 - oop as it should be (applications)\build\banksystem.dir\debug\banksystem.tlog\custombuild.write.1.tlog
d:\study\programmingadvices\11 - oop as it should be (applications)\build\banksystem.dir\debug\banksystem.tlog\link-cvtres.read.1.tlog
d:\study\programmingadvices\11 - oop as it should be (applications)\build\banksystem.dir\debug\banksystem.tlog\link-cvtres.write.1.tlog
d:\study\programmingadvices\11 - oop as it should be (applications)\build\banksystem.dir\debug\banksystem.tlog\link-rc.read.1.tlog
d:\study\programmingadvices\11 - oop as it should be (applications)\build\banksystem.dir\debug\banksystem.tlog\link-rc.write.1.tlog
d:\study\programmingadvices\11 - oop as it should be (applications)\build\banksystem.dir\debug\banksystem.tlog\link.command.1.tlog
d:\study\programmingadvices\11 - oop as it should be (applications)\build\banksystem.dir\debug\banksystem.tlog\link.read.1.tlog
d:\study\programmingadvices\11 - oop as it should be (applications)\build\banksystem.dir\debug\banksystem.tlog\link.read.2.tlog
d:\study\programmingadvices\11 - oop as it should be (applications)\build\banksystem.dir\debug\banksystem.tlog\link.read.3.tlog
d:\study\programmingadvices\11 - oop as it should be (applications)\build\banksystem.dir\debug\banksystem.tlog\link.read.5.tlog
d:\study\programmingadvices\11 - oop as it should be (applications)\build\banksystem.dir\debug\banksystem.tlog\link.write.1.tlog
