d:\study\programmingadvices\11 - oop as it should be (applications)\build\banksystem.dir\release\clsstring.obj
d:\study\programmingadvices\11 - oop as it should be (applications)\build\banksystem.dir\release\clsperson.obj
d:\study\programmingadvices\11 - oop as it should be (applications)\build\banksystem.dir\release\clsclint.obj
d:\study\programmingadvices\11 - oop as it should be (applications)\build\banksystem.dir\release\main.obj
d:\study\programmingadvices\11 - oop as it should be (applications)\build\banksystem.dir\release\clsloginscreen.obj
d:\study\programmingadvices\11 - oop as it should be (applications)\build\banksystem.dir\release\clsupdateclintscreen.obj
d:\study\programmingadvices\11 - oop as it should be (applications)\build\banksystem.dir\release\clsscreen.obj
d:\study\programmingadvices\11 - oop as it should be (applications)\build\cmakefiles\generate.stamp
d:\study\programmingadvices\11 - oop as it should be (applications)\build\release\banksystem.exe
d:\study\programmingadvices\11 - oop as it should be (applications)\build\banksystem.dir\release\banksystem.tlog\cl.command.1.tlog
d:\study\programmingadvices\11 - oop as it should be (applications)\build\banksystem.dir\release\banksystem.tlog\cl.items.tlog
d:\study\programmingadvices\11 - oop as it should be (applications)\build\banksystem.dir\release\banksystem.tlog\cl.read.1.tlog
d:\study\programmingadvices\11 - oop as it should be (applications)\build\banksystem.dir\release\banksystem.tlog\cl.write.1.tlog
d:\study\programmingadvices\11 - oop as it should be (applications)\build\banksystem.dir\release\banksystem.tlog\custombuild.command.1.tlog
d:\study\programmingadvices\11 - oop as it should be (applications)\build\banksystem.dir\release\banksystem.tlog\custombuild.read.1.tlog
d:\study\programmingadvices\11 - oop as it should be (applications)\build\banksystem.dir\release\banksystem.tlog\custombuild.write.1.tlog
d:\study\programmingadvices\11 - oop as it should be (applications)\build\banksystem.dir\release\banksystem.tlog\link.command.1.tlog
d:\study\programmingadvices\11 - oop as it should be (applications)\build\banksystem.dir\release\banksystem.tlog\link.read.1.tlog
d:\study\programmingadvices\11 - oop as it should be (applications)\build\banksystem.dir\release\banksystem.tlog\link.secondary.1.tlog
d:\study\programmingadvices\11 - oop as it should be (applications)\build\banksystem.dir\release\banksystem.tlog\link.write.1.tlog
